p/595.jpg 1 0 0 60 129
p/594.jpg 1 0 0 60 129
p/593.jpg 1 0 0 55 140
p/592.jpg 1 0 0 53 135
p/591.jpg 1 0 0 53 135
p/590.jpg 1 0 0 50 118
p/589.jpg 1 0 0 46 87
p/588.jpg 1 0 0 46 87
p/587.jpg 1 0 0 46 73
p/586.jpg 1 0 0 42 61
p/585.jpg 1 0 0 41 50
p/463.jpg 1 0 0 55 76
p/462.jpg 1 0 0 55 76
p/461.jpg 1 0 0 56 94
p/460.jpg 1 0 0 56 110
p/459.jpg 1 0 0 54 125
p/458.jpg 1 0 0 54 125
p/457.jpg 1 0 0 49 124
p/456.jpg 1 0 0 49 124
p/455.jpg 1 0 0 46 110
p/454.jpg 1 0 0 45 95
p/453.jpg 1 0 0 43 81
p/452.jpg 1 0 0 43 81
p/451.jpg 1 0 0 39 56
p/450.jpg 1 0 0 39 56
p/449.jpg 1 0 0 38 45
p/424.jpg 1 0 0 62 55
p/423.jpg 1 0 0 62 74
p/422.jpg 1 0 0 62 74
p/421.jpg 1 0 0 58 105
p/420.jpg 1 0 0 58 105
p/419.jpg 1 0 0 55 119
p/418.jpg 1 0 0 54 132
p/417.jpg 1 0 0 51 131
p/416.jpg 1 0 0 51 131
p/415.jpg 1 0 0 47 108
p/414.jpg 1 0 0 47 108
p/413.jpg 1 0 0 46 94
p/412.jpg 1 0 0 44 81
p/411.jpg 1 0 0 42 69
p/410.jpg 1 0 0 42 69
p/409.jpg 1 0 0 38 48
p/408.jpg 1 0 0 38 48
p/407.jpg 1 0 0 38 39
p/399.jpg 1 0 0 53 50
p/397.jpg 1 0 0 55 82
p/396.jpg 1 0 0 55 82
p/395.jpg 1 0 0 55 96
p/394.jpg 1 0 0 51 110
p/393.jpg 1 0 0 50 121
p/392.jpg 1 0 0 50 121
p/391.jpg 1 0 0 47 118
p/390.jpg 1 0 0 47 118
p/389.jpg 1 0 0 46 114
p/388.jpg 1 0 0 44 101
p/387.jpg 1 0 0 41 89
p/386.jpg 1 0 0 41 89
p/385.jpg 1 0 0 37 67
p/384.jpg 1 0 0 37 67
p/383.jpg 1 0 0 38 57
p/382.jpg 1 0 0 34 48
p/381.jpg 1 0 0 34 48
p/380.jpg 1 0 0 81 79
p/379.jpg 1 0 0 75 108
p/378.jpg 1 0 0 75 108
p/377.jpg 1 0 0 72 122
p/376.jpg 1 0 0 69 134
p/375.jpg 1 0 0 69 134
p/374.jpg 1 0 0 67 143
p/373.jpg 1 0 0 58 119
p/372.jpg 1 0 0 58 119
p/371.jpg 1 0 0 56 105
p/370.jpg 1 0 0 55 92
p/369.jpg 1 0 0 55 92
p/368.jpg 1 0 0 51 79
p/367.jpg 1 0 0 48 58
p/366.jpg 1 0 0 48 58
p/365.jpg 1 0 0 47 49
p/364.jpg 1 0 0 46 40
p/363.jpg 1 0 0 46 40
p/320.jpg 1 0 0 58 80
p/319.jpg 1 0 0 58 80
p/318.jpg 1 0 0 58 80
p/317.jpg 1 0 0 62 95
p/316.jpg 1 0 0 61 109
p/315.jpg 1 0 0 61 109
p/314.jpg 1 0 0 57 122
p/313.jpg 1 0 0 52 126
p/312.jpg 1 0 0 52 130
p/311.jpg 1 0 0 51 122
p/310.jpg 1 0 0 49 108
p/309.jpg 1 0 0 47 95
p/308.jpg 1 0 0 43 72
p/307.jpg 1 0 0 43 72
p/306.jpg 1 0 0 43 72
p/305.jpg 1 0 0 42 61
p/304.jpg 1 0 0 40 51
p/293.jpg 1 0 0 44 52
p/292.jpg 1 0 0 54 74
p/291.jpg 1 0 0 64 92
p/290.jpg 1 0 0 61 124
p/289.jpg 1 0 0 61 124
p/288.jpg 1 0 0 61 124
p/287.jpg 1 0 0 58 138
p/286.jpg 1 0 0 55 135
p/285.jpg 1 0 0 53 120
p/284.jpg 1 0 0 49 89
p/283.jpg 1 0 0 49 89
p/282.jpg 1 0 0 49 89
p/281.jpg 1 0 0 48 75
p/280.jpg 1 0 0 45 63
p/279.jpg 1 0 0 44 50
p/278.jpg 1 0 0 38 60
p/277.jpg 1 0 0 38 60
p/276.jpg 1 0 0 38 60
p/275.jpg 1 0 0 37 51
p/155.jpg 1 0 0 62 72
p/154.jpg 1 0 0 60 85
p/153.jpg 1 0 0 57 97
p/152.jpg 1 0 0 57 97
p/151.jpg 1 0 0 55 118
p/150.jpg 1 0 0 55 118
p/149.jpg 1 0 0 53 127
p/148.jpg 1 0 0 55 128
p/147.jpg 1 0 0 55 128
p/146.jpg 1 0 0 55 123
p/145.jpg 1 0 0 47 108
p/144.jpg 1 0 0 47 108
p/143.jpg 1 0 0 47 97
p/142.jpg 1 0 0 48 88
p/141.jpg 1 0 0 48 88
p/140.jpg 1 0 0 44 78
p/74.jpg 1 0 0 52 64
p/73.jpg 1 0 0 47 87
p/72.jpg 1 0 0 47 87
p/71.jpg 1 0 0 46 97
p/70.jpg 1 0 0 34 94
p/69.jpg 1 0 0 52 116
p/66.jpg 1 0 0 47 108
p/65.jpg 1 0 0 46 117
p/60.jpg 1 0 0 42 91
p/28.jpg 1 0 0 62 75
p/27.jpg 1 0 0 60 87
p/25.jpg 1 0 0 52 87
p/24.jpg 1 0 0 64 97
p/23.jpg 1 0 0 65 118
p/22.jpg 1 0 0 56 127
p/21.jpg 1 0 0 55 121
p/18.jpg 1 0 0 52 109
p/17.jpg 1 0 0 47 111
p/16.jpg 1 0 0 51 102
p/15.jpg 1 0 0 44 94